000 (57501.000.000) 2024-06-23 22:06:02 Job submitted from host: <10.1.112.113:9618?addrs=10.1.112.113-9618&alias=isye-hps0401.isye.gatech.edu&noUDP&sock=schedd_1922_e91d>
...
001 (57501.000.000) 2024-06-23 22:06:02 Job executing on host: <10.1.112.126:9618?addrs=10.1.112.126-9618&alias=isye-hpc0451.isye.gatech.edu&noUDP&sock=startd_2160474_0abd>
	SlotName: slot1_2@isye-hpc0451.isye.gatech.edu
...
006 (57501.000.000) 2024-06-23 22:06:11 Image size of job updated: 706720
	39  -  MemoryUsage of job (MB)
	39600  -  ResidentSetSize of job (KB)
...
006 (57501.000.000) 2024-06-23 22:11:12 Image size of job updated: 2371176
	99  -  MemoryUsage of job (MB)
	100396  -  ResidentSetSize of job (KB)
...
004 (57501.000.000) 2024-06-23 22:14:11 Job was evicted.
	(0) CPU times
		Usr 0 00:00:03, Sys 0 00:00:00  -  Run Remote Usage
		Usr 0 00:00:00, Sys 0 00:00:00  -  Run Local Usage
	0  -  Run Bytes Sent By Job
	0  -  Run Bytes Received By Job
	Partitionable Resources :    Usage  Request Allocated 
	   Cpus                 :     0.00        1         1 
	   Disk (KB)            :     1           1     74228 
	   Memory (MB)          :    99           1       128 
...
009 (57501.000.000) 2024-06-23 22:14:11 Job was aborted.
	via condor_rm (by user mmoradi6)
...
